Using pre-set license
Built from '2020.2/staging' branch; Version is '2020.2.5f1 (e2c53f129de5) revision 14861631'; Using compiler version '192528614'; Build Type 'Release'
OS: 'Windows 10 Home; OS build 19044.1566; Version 2009; 64bit' Language: 'tr' Physical Memory: 8138 MB
BatchMode: 1, IsHumanControllingUs: 0, StartBugReporterOnCrash: 0, Is64bit: 1, IsPro: 0

 COMMAND LINE ARGUMENTS:
C:\Program Files\Unity\Editor\Unity.exe
-adb2
-batchMode
-noUpm
-name
AssetImportWorker0
-projectPath
C:/Users/oguzh/Downloads/BalloonPopUnity-master
-logFile
Logs/AssetImportWorker0.log
-srvPort
57955
Successfully changed project path to: C:/Users/oguzh/Downloads/BalloonPopUnity-master
C:/Users/oguzh/Downloads/BalloonPopUnity-master
Using Asset Import Pipeline V2.
Refreshing native plugins compatible for Editor in 27.30 ms, found 0 plugins.
Preloading 0 native plugins for Editor in 0.00 ms.
Initialize engine version: 2020.2.5f1 (e2c53f129de5)
[Subsystems] Discovering subsystems at path C:/Program Files/Unity/Editor/Data/Resources/UnitySubsystems
[Subsystems] Discovering subsystems at path C:/Users/oguzh/Downloads/BalloonPopUnity-master/Assets
GfxDevice: creating device client; threaded=0
Direct3D:
    Version:  Direct3D 11.0 [level 11.1]
    Renderer: Radeon RX 580 Series (ID=0x67df)
    Vendor:   
    VRAM:     8171 MB
    Driver:   30.0.13023.1012
Initialize mono
Mono path[0] = 'C:/Program Files/Unity/Editor/Data/Managed'
Mono path[1] = 'C:/Program Files/Unity/Editor/Data/MonoBleedingEdge/lib/mono/unityjit'
Mono config path = 'C:/Program Files/Unity/Editor/Data/MonoBleedingEdge/etc'
Using monoOptions --debugger-agent=transport=dt_socket,embedding=1,server=y,suspend=n,address=127.0.0.1:56224
Begin MonoManager ReloadAssembly
Registering precompiled unity dll's ...
Register platform support module: C:/Program Files/Unity/Editor/Data/PlaybackEngines/WindowsStandaloneSupport/UnityEditor.WindowsStandalone.Extensions.dll
Registered in 0.002487 seconds.
Native extension for WindowsStandalone target not found
Refreshing native plugins compatible for Editor in 25.25 ms, found 0 plugins.
Preloading 0 native plugins for Editor in 0.00 ms.
Invoked RoslynAnalysisRunner static constructor.
RoslynAnalysisRunner will not be running.
RoslynAnalysisRunner has terminated.
Mono: successfully reloaded assembly
- Completed reload, in  1.155 seconds
Platform modules already initialized, skipping
Registering precompiled user dll's ...
Registered in 0.000895 seconds.
Begin MonoManager ReloadAssembly
Native extension for WindowsStandalone target not found
Refreshing native plugins compatible for Editor in 0.32 ms, found 0 plugins.
Preloading 0 native plugins for Editor in 0.00 ms.
Invoked RoslynAnalysisRunner static constructor.
RoslynAnalysisRunner will not be running.
RoslynAnalysisRunner has terminated.
Mono: successfully reloaded assembly
- Completed reload, in  0.881 seconds
Platform modules already initialized, skipping
========================================================================
Worker process is ready to serve import requests
Launched and connected shader compiler UnityShaderCompiler.exe after 0.05 seconds
Refreshing native plugins compatible for Editor in 0.33 ms, found 0 plugins.
Preloading 0 native plugins for Editor in 0.00 ms.
Unloading 1139 Unused Serialized files (Serialized files now loaded: 0)
System memory in use before: 57.4 MB.
System memory in use after: 57.5 MB.

Unloading 20 unused Assets to reduce memory usage. Loaded Objects now: 1569.
Total: 2.136500 ms (FindLiveObjects: 0.170800 ms CreateObjectMapping: 0.047600 ms MarkObjects: 1.830500 ms  DeleteObjects: 0.086300 ms)

========================================================================
Received Import Request.
  path: Assets/Scenes
  artifactKey: Guid(56ae496bc67fc4ecfabfe546d05baaea) Importer(815301076,1909f56bfc062723c751e8b465ee728b)
Start importing Assets/Scenes using Guid(56ae496bc67fc4ecfabfe546d05baaea) Importer(815301076,1909f56bfc062723c751e8b465ee728b)  -> (artifact id: '4729d27a9daae708478c94e10beceba7') in 0.008482 seconds
  Import took 0.010629 seconds .

========================================================================
Received Import Request.
  Time since last request: 0.000215 seconds.
  path: Assets/Scripts
  artifactKey: Guid(d6e9c982bd79d474aa2db99cbea0cda3) Importer(815301076,1909f56bfc062723c751e8b465ee728b)
Start importing Assets/Scripts using Guid(d6e9c982bd79d474aa2db99cbea0cda3) Importer(815301076,1909f56bfc062723c751e8b465ee728b)  -> (artifact id: '282165e35804ff25f8621bb7a502c892') in 0.009955 seconds
  Import took 0.011743 seconds .

========================================================================
Received Import Request.
  Time since last request: 0.000250 seconds.
  path: Assets/Scripts/GameControllerScript.cs
  artifactKey: Guid(6ae34bcf41af44b1cac5c864312888e3) Importer(815301076,1909f56bfc062723c751e8b465ee728b)
Start importing Assets/Scripts/GameControllerScript.cs using Guid(6ae34bcf41af44b1cac5c864312888e3) Importer(815301076,1909f56bfc062723c751e8b465ee728b)  -> (artifact id: 'd7fbb7bb7f325fdf506eaf8050ab51b5') in 0.032007 seconds
  Import took 0.034217 seconds .

========================================================================
Received Prepare
Registering precompiled user dll's ...
Registered in 0.000779 seconds.
Begin MonoManager ReloadAssembly
Native extension for WindowsStandalone target not found
Refreshing native plugins compatible for Editor in 0.32 ms, found 0 plugins.
Preloading 0 native plugins for Editor in 0.00 ms.
Invoked RoslynAnalysisRunner static constructor.
RoslynAnalysisRunner will not be running.
RoslynAnalysisRunner has terminated.
Mono: successfully reloaded assembly
- Completed reload, in  0.816 seconds
Platform modules already initialized, skipping
Refreshing native plugins compatible for Editor in 0.38 ms, found 0 plugins.
Preloading 0 native plugins for Editor in 0.00 ms.
Unloading 1133 Unused Serialized files (Serialized files now loaded: 0)
System memory in use before: 57.3 MB.
System memory in use after: 57.4 MB.

Unloading 15 unused Assets to reduce memory usage. Loaded Objects now: 1571.
Total: 1.803200 ms (FindLiveObjects: 0.159800 ms CreateObjectMapping: 0.030500 ms MarkObjects: 1.594200 ms  DeleteObjects: 0.017500 ms)

========================================================================
Received Import Request.
  Time since last request: 61.488334 seconds.
  path: Assets/Scripts/GameControllerScript.cs
  artifactKey: Guid(6ae34bcf41af44b1cac5c864312888e3) Importer(815301076,1909f56bfc062723c751e8b465ee728b)
Start importing Assets/Scripts/GameControllerScript.cs using Guid(6ae34bcf41af44b1cac5c864312888e3) Importer(815301076,1909f56bfc062723c751e8b465ee728b)  -> (artifact id: '28617eb0ca79a9b002d7ae43743d3c99') in 0.004842 seconds
  Import took 0.006699 seconds .

========================================================================
Received Import Request.
  Time since last request: 21.036259 seconds.
  path: Assets/Sprites/AsteroidSprite.png
  artifactKey: Guid(bc15c6ea9b0124465b164fd3e89c578d) Importer(815301076,1909f56bfc062723c751e8b465ee728b)
Start importing Assets/Sprites/AsteroidSprite.png using Guid(bc15c6ea9b0124465b164fd3e89c578d) Importer(815301076,1909f56bfc062723c751e8b465ee728b)  -> (artifact id: '2ee85c1edc361fecda3d4a92dc2db065') in 0.116578 seconds
  Import took 0.118766 seconds .

========================================================================
Received Import Request.
  Time since last request: 0.000196 seconds.
  path: Assets/Sprites/BowlingBallSprite.png
  artifactKey: Guid(5816beacfd8204e4fa223255ce2ac467) Importer(815301076,1909f56bfc062723c751e8b465ee728b)
Start importing Assets/Sprites/BowlingBallSprite.png using Guid(5816beacfd8204e4fa223255ce2ac467) Importer(815301076,1909f56bfc062723c751e8b465ee728b)  -> (artifact id: '8ee0e6e5a85bd5303749de183a911d71') in 0.013211 seconds
  Import took 0.015183 seconds .

========================================================================
Received Import Request.
  Time since last request: 0.000196 seconds.
  path: Assets/Sprites/WeightSprite.png
  artifactKey: Guid(1304343364e1ade40a93931a5dacc822) Importer(815301076,1909f56bfc062723c751e8b465ee728b)
Start importing Assets/Sprites/WeightSprite.png using Guid(1304343364e1ade40a93931a5dacc822) Importer(815301076,1909f56bfc062723c751e8b465ee728b)  -> (artifact id: 'e08e8cb1dee27afc2d2b22f9e9e9c69d') in 0.015030 seconds
  Import took 0.017028 seconds .

========================================================================
Received Import Request.
  Time since last request: 0.000207 seconds.
  path: Assets/Sprites/RetroBullet.png
  artifactKey: Guid(fb16cc86978e6464d9ecc8802812674a) Importer(815301076,1909f56bfc062723c751e8b465ee728b)
Start importing Assets/Sprites/RetroBullet.png using Guid(fb16cc86978e6464d9ecc8802812674a) Importer(815301076,1909f56bfc062723c751e8b465ee728b)  -> (artifact id: '465eafc2b98b0f14319be95c8905670b') in 0.015064 seconds
  Import took 0.017161 seconds .

========================================================================
Received Import Request.
  Time since last request: 0.000224 seconds.
  path: Assets/Sprites/RestartHoverSprite.png
  artifactKey: Guid(0dbf0796eff2d254381244d5bf00a9e3) Importer(815301076,1909f56bfc062723c751e8b465ee728b)
Start importing Assets/Sprites/RestartHoverSprite.png using Guid(0dbf0796eff2d254381244d5bf00a9e3) Importer(815301076,1909f56bfc062723c751e8b465ee728b)  -> (artifact id: 'd58410b81496faf8ced0b2681f27d2a7') in 0.012993 seconds
  Import took 0.014871 seconds .

========================================================================
Received Import Request.
  Time since last request: 0.000235 seconds.
  path: Assets/Sprites/StartHoverSprite.png
  artifactKey: Guid(6ab2ff034573064449b8c5466739fa23) Importer(815301076,1909f56bfc062723c751e8b465ee728b)
Start importing Assets/Sprites/StartHoverSprite.png using Guid(6ab2ff034573064449b8c5466739fa23) Importer(815301076,1909f56bfc062723c751e8b465ee728b)  -> (artifact id: 'e0efc0c58144c8c03339898020f86c6f') in 0.013800 seconds
  Import took 0.015960 seconds .

========================================================================
Received Import Request.
  Time since last request: 0.000223 seconds.
  path: Assets/Sprites/TruckWheelSprite.png
  artifactKey: Guid(a0aa6196d79b5db419e9a18c8927b98a) Importer(815301076,1909f56bfc062723c751e8b465ee728b)
Start importing Assets/Sprites/TruckWheelSprite.png using Guid(a0aa6196d79b5db419e9a18c8927b98a) Importer(815301076,1909f56bfc062723c751e8b465ee728b)  -> (artifact id: '672ee321f7d12ae84b383fb35bb37b42') in 0.016133 seconds
  Import took 0.018154 seconds .

========================================================================
Received Import Request.
  Time since last request: 0.000169 seconds.
  path: Assets/Sprites/SpringSprite.png
  artifactKey: Guid(a03a39af61d16d94298132cfd5437225) Importer(815301076,1909f56bfc062723c751e8b465ee728b)
Start importing Assets/Sprites/SpringSprite.png using Guid(a03a39af61d16d94298132cfd5437225) Importer(815301076,1909f56bfc062723c751e8b465ee728b)  -> (artifact id: '26a54c058d159853c440bae953cf8d69') in 0.015162 seconds
  Import took 0.017041 seconds .

========================================================================
Received Import Request.
  Time since last request: 0.000230 seconds.
  path: Assets/Sprites/HatSprite.png
  artifactKey: Guid(5853b6ddaa2b364478a6de1223809f57) Importer(815301076,1909f56bfc062723c751e8b465ee728b)
Start importing Assets/Sprites/HatSprite.png using Guid(5853b6ddaa2b364478a6de1223809f57) Importer(815301076,1909f56bfc062723c751e8b465ee728b)  -> (artifact id: '5f505e11440e2dac2c290245e2e17477') in 0.016972 seconds
  Import took 0.019568 seconds .

========================================================================
Received Import Request.
  Time since last request: 0.000290 seconds.
  path: Assets/Sprites/ColumnSprite.png
  artifactKey: Guid(c1d739b9532761a4f8f628dedcfc673e) Importer(815301076,1909f56bfc062723c751e8b465ee728b)
Start importing Assets/Sprites/ColumnSprite.png using Guid(c1d739b9532761a4f8f628dedcfc673e) Importer(815301076,1909f56bfc062723c751e8b465ee728b)  -> (artifact id: 'bc4913ea24f91e5be4c33fa30652f69f') in 0.017143 seconds
  Import took 0.019859 seconds .

========================================================================
Received Import Request.
  Time since last request: 0.000232 seconds.
  path: Assets/Sprites/RocketSprite.png
  artifactKey: Guid(5be9b4c5270e8eb48ac9e24389566ec1) Importer(815301076,1909f56bfc062723c751e8b465ee728b)
Start importing Assets/Sprites/RocketSprite.png using Guid(5be9b4c5270e8eb48ac9e24389566ec1) Importer(815301076,1909f56bfc062723c751e8b465ee728b)  -> (artifact id: '629cb3799e777b31407d96c06b87f8a1') in 0.018218 seconds
  Import took 0.020332 seconds .

========================================================================
Received Import Request.
  Time since last request: 0.000187 seconds.
  path: Assets/Sprites/BallSprite.png
  artifactKey: Guid(7931262bee02b4179ab843cecd12cb07) Importer(815301076,1909f56bfc062723c751e8b465ee728b)
Start importing Assets/Sprites/BallSprite.png using Guid(7931262bee02b4179ab843cecd12cb07) Importer(815301076,1909f56bfc062723c751e8b465ee728b)  -> (artifact id: 'eb6ade56fccfe75b92a36dd4eb8bb071') in 0.014943 seconds
  Import took 0.016844 seconds .

========================================================================
Received Import Request.
  Time since last request: 0.000232 seconds.
  path: Assets/Sprites/CatapultBackSprite.png
  artifactKey: Guid(84c7c25bd260747be85456fa9c48c4b0) Importer(815301076,1909f56bfc062723c751e8b465ee728b)
Start importing Assets/Sprites/CatapultBackSprite.png using Guid(84c7c25bd260747be85456fa9c48c4b0) Importer(815301076,1909f56bfc062723c751e8b465ee728b)  -> (artifact id: 'a5f945910976fa05ae4ef1eaa23dd70c') in 0.014079 seconds
  Import took 0.016276 seconds .

========================================================================
Received Import Request.
  Time since last request: 0.000215 seconds.
  path: Assets/Sprites/IceSprite.png
  artifactKey: Guid(e74b518a65bc45f4cace9a2fef6af29d) Importer(815301076,1909f56bfc062723c751e8b465ee728b)
Start importing Assets/Sprites/IceSprite.png using Guid(e74b518a65bc45f4cace9a2fef6af29d) Importer(815301076,1909f56bfc062723c751e8b465ee728b)  -> (artifact id: '3715deebfe6f984de86ae16b61f222e7') in 0.013174 seconds
  Import took 0.015046 seconds .

========================================================================
Received Import Request.
  Time since last request: 0.000221 seconds.
  path: Assets/Sprites/GrassThinSprite.png
  artifactKey: Guid(a30d0b0e1afd8ab4ea8a4a0290404f59) Importer(815301076,1909f56bfc062723c751e8b465ee728b)
Start importing Assets/Sprites/GrassThinSprite.png using Guid(a30d0b0e1afd8ab4ea8a4a0290404f59) Importer(815301076,1909f56bfc062723c751e8b465ee728b)  -> (artifact id: 'cddfc9ec5fdba8b874134d389f5369b7') in 0.015116 seconds
  Import took 0.017095 seconds .

========================================================================
Received Import Request.
  Time since last request: 0.000247 seconds.
  path: Assets/Sprites/BirdEnemyIdleSprite.png
  artifactKey: Guid(ff84aacc54bb8d843be32e8d39412a39) Importer(815301076,1909f56bfc062723c751e8b465ee728b)
Start importing Assets/Sprites/BirdEnemyIdleSprite.png using Guid(ff84aacc54bb8d843be32e8d39412a39) Importer(815301076,1909f56bfc062723c751e8b465ee728b)  -> (artifact id: 'b3b8e1c7ef74031013b70389561b55df') in 0.016641 seconds
  Import took 0.019311 seconds .

========================================================================
Received Import Request.
  Time since last request: 0.000215 seconds.
  path: Assets/Sprites/BirdHeroSprite.png
  artifactKey: Guid(a9c136f9dcfd3954fa0f3fab6260607f) Importer(815301076,1909f56bfc062723c751e8b465ee728b)
Start importing Assets/Sprites/BirdHeroSprite.png using Guid(a9c136f9dcfd3954fa0f3fab6260607f) Importer(815301076,1909f56bfc062723c751e8b465ee728b)  -> (artifact id: 'd882cc1828b86541b7ddfe5826692e26') in 0.019788 seconds
  Import took 0.021940 seconds .

========================================================================
Received Import Request.
  Time since last request: 0.000274 seconds.
  path: Assets/Sprites/StartIdleSprite.png
  artifactKey: Guid(4b5eeb73b915fa84a980f6bce0b905de) Importer(815301076,1909f56bfc062723c751e8b465ee728b)
Start importing Assets/Sprites/StartIdleSprite.png using Guid(4b5eeb73b915fa84a980f6bce0b905de) Importer(815301076,1909f56bfc062723c751e8b465ee728b)  -> (artifact id: 'c1ab2b7bc2de3f2456a39f9c921a0c4a') in 0.012688 seconds
  Import took 0.014911 seconds .

========================================================================
Received Import Request.
  Time since last request: 0.000225 seconds.
  path: Assets/Sprites/ChainLinksSprite.png
  artifactKey: Guid(31f33be422f9c8449bbf999c98f5f4d2) Importer(815301076,1909f56bfc062723c751e8b465ee728b)
Start importing Assets/Sprites/ChainLinksSprite.png using Guid(31f33be422f9c8449bbf999c98f5f4d2) Importer(815301076,1909f56bfc062723c751e8b465ee728b)  -> (artifact id: '0abf657c23b0171ac3ba64f1c14af36f') in 0.015073 seconds
  Import took 0.017193 seconds .

========================================================================
Received Import Request.
  Time since last request: 0.000254 seconds.
  path: Assets/Sprites/RestartIdleSprite.png
  artifactKey: Guid(db4eae29dd580d244828b85ac2501f6c) Importer(815301076,1909f56bfc062723c751e8b465ee728b)
Start importing Assets/Sprites/RestartIdleSprite.png using Guid(db4eae29dd580d244828b85ac2501f6c) Importer(815301076,1909f56bfc062723c751e8b465ee728b)  -> (artifact id: '087782cd83206eaf76cd07bd77ea6551') in 0.011909 seconds
  Import took 0.014172 seconds .

========================================================================
Received Import Request.
  Time since last request: 0.000203 seconds.
  path: Assets/Sprites/RetroExplosion.png
  artifactKey: Guid(907a19a0cc99bf04288d3b0c0d6afcfb) Importer(815301076,1909f56bfc062723c751e8b465ee728b)
Start importing Assets/Sprites/RetroExplosion.png using Guid(907a19a0cc99bf04288d3b0c0d6afcfb) Importer(815301076,1909f56bfc062723c751e8b465ee728b)  -> (artifact id: '2019083afe5e1a1914ceeeb9841bdba8') in 0.029669 seconds
  Import took 0.031711 seconds .

========================================================================
Received Import Request.
  Time since last request: 0.000249 seconds.
  path: Assets/Sprites/SkyTileSprite.png
  artifactKey: Guid(24770088dedc9e84b97afaa1c612d506) Importer(815301076,1909f56bfc062723c751e8b465ee728b)
Start importing Assets/Sprites/SkyTileSprite.png using Guid(24770088dedc9e84b97afaa1c612d506) Importer(815301076,1909f56bfc062723c751e8b465ee728b)  -> (artifact id: 'ec5b261e128cbb8c84c16b24c8618b8b') in 0.012146 seconds
  Import took 0.014327 seconds .

========================================================================
Received Import Request.
  Time since last request: 0.000242 seconds.
  path: Assets/Sprites/GrassSprite.png
  artifactKey: Guid(3bb40c4bb20b72940ba2dd57ae30f88c) Importer(815301076,1909f56bfc062723c751e8b465ee728b)
Start importing Assets/Sprites/GrassSprite.png using Guid(3bb40c4bb20b72940ba2dd57ae30f88c) Importer(815301076,1909f56bfc062723c751e8b465ee728b)  -> (artifact id: '169b735834522cff4d177598a8b4f8fc') in 0.015174 seconds
  Import took 0.017276 seconds .

========================================================================
Received Import Request.
  Time since last request: 0.000225 seconds.
  path: Assets/Sprites/SkySprite.png
  artifactKey: Guid(dede5f4548992dd4ba1c9840a451ed31) Importer(815301076,1909f56bfc062723c751e8b465ee728b)
Start importing Assets/Sprites/SkySprite.png using Guid(dede5f4548992dd4ba1c9840a451ed31) Importer(815301076,1909f56bfc062723c751e8b465ee728b)  -> (artifact id: 'b5abf60a47496846a431070253e648ab') in 0.023952 seconds
  Import took 0.026085 seconds .

========================================================================
Received Import Request.
  Time since last request: 0.000193 seconds.
  path: Assets/Sprites/PlankSprite.png
  artifactKey: Guid(418ab5c27d3054eb89959d9c715e00c9) Importer(815301076,1909f56bfc062723c751e8b465ee728b)
Start importing Assets/Sprites/PlankSprite.png using Guid(418ab5c27d3054eb89959d9c715e00c9) Importer(815301076,1909f56bfc062723c751e8b465ee728b)  -> (artifact id: 'eb8718a2ad98d3bf62e9976fc387ab92') in 0.012908 seconds
  Import took 0.014720 seconds .

========================================================================
Received Import Request.
  Time since last request: 0.000215 seconds.
  path: Assets/Sprites/PuffSprite.png
  artifactKey: Guid(a3dde001bc3076e4ca0998fe4d32ade3) Importer(815301076,1909f56bfc062723c751e8b465ee728b)
Start importing Assets/Sprites/PuffSprite.png using Guid(a3dde001bc3076e4ca0998fe4d32ade3) Importer(815301076,1909f56bfc062723c751e8b465ee728b)  -> (artifact id: '0e46481214b3d19a0e21f7c7e96934a5') in 0.012370 seconds
  Import took 0.014342 seconds .

========================================================================
Received Import Request.
  Time since last request: 0.000237 seconds.
  path: Assets/Sprites/StartPressSprite.png
  artifactKey: Guid(aae8c4bea03b8aa47814af68b1dea886) Importer(815301076,1909f56bfc062723c751e8b465ee728b)
Start importing Assets/Sprites/StartPressSprite.png using Guid(aae8c4bea03b8aa47814af68b1dea886) Importer(815301076,1909f56bfc062723c751e8b465ee728b)  -> (artifact id: '3955748055cbef01bc87b646366b75e0') in 0.012681 seconds
  Import took 0.014958 seconds .

========================================================================
Received Import Request.
  Time since last request: 0.000246 seconds.
  path: Assets/Sprites/ExplosionSprite.png
  artifactKey: Guid(02caf2529e444a14ab5eae5fafab7fd4) Importer(815301076,1909f56bfc062723c751e8b465ee728b)
Start importing Assets/Sprites/ExplosionSprite.png using Guid(02caf2529e444a14ab5eae5fafab7fd4) Importer(815301076,1909f56bfc062723c751e8b465ee728b)  -> (artifact id: '8b531b52a99bca72b1d37a6d45de57d7') in 0.029549 seconds
  Import took 0.031663 seconds .

========================================================================
Received Import Request.
  Time since last request: 0.000224 seconds.
  path: Assets/Sprites/ColumnShortSprite.png
  artifactKey: Guid(eb99749fb0134d54ba7b9a456fd3f6af) Importer(815301076,1909f56bfc062723c751e8b465ee728b)
Start importing Assets/Sprites/ColumnShortSprite.png using Guid(eb99749fb0134d54ba7b9a456fd3f6af) Importer(815301076,1909f56bfc062723c751e8b465ee728b)  -> (artifact id: 'e22b845636d6df43fca402c1c9509e2a') in 0.013782 seconds
  Import took 0.015817 seconds .

========================================================================
Received Import Request.
  Time since last request: 0.000208 seconds.
  path: Assets/Sprites/TruckChassisSprite.png
  artifactKey: Guid(90f91bf07d6aec14bb60e830bf64792c) Importer(815301076,1909f56bfc062723c751e8b465ee728b)
Start importing Assets/Sprites/TruckChassisSprite.png using Guid(90f91bf07d6aec14bb60e830bf64792c) Importer(815301076,1909f56bfc062723c751e8b465ee728b)  -> (artifact id: 'a1efbc646daf7d839b10f2151eeb15a1') in 0.015996 seconds
  Import took 0.017989 seconds .

========================================================================
Received Import Request.
  Time since last request: 0.000240 seconds.
  path: Assets/Sprites/BombSprite.png
  artifactKey: Guid(91a6f4c9b969b4bb9866c25cba77273c) Importer(815301076,1909f56bfc062723c751e8b465ee728b)
Start importing Assets/Sprites/BombSprite.png using Guid(91a6f4c9b969b4bb9866c25cba77273c) Importer(815301076,1909f56bfc062723c751e8b465ee728b)  -> (artifact id: 'dc1f6f77ef4dada06cf499998af26784') in 0.012821 seconds
  Import took 0.014903 seconds .

========================================================================
Received Import Request.
  Time since last request: 0.000230 seconds.
  path: Assets/Sprites/CatapultFrontSprite.png
  artifactKey: Guid(b24d8371c5d8d4523bb53376999757c3) Importer(815301076,1909f56bfc062723c751e8b465ee728b)
Start importing Assets/Sprites/CatapultFrontSprite.png using Guid(b24d8371c5d8d4523bb53376999757c3) Importer(815301076,1909f56bfc062723c751e8b465ee728b)  -> (artifact id: '91146b1aa0d758c686293c47d308acf0') in 0.013762 seconds
  Import took 0.015603 seconds .

========================================================================
Received Import Request.
  Time since last request: 0.000219 seconds.
  path: Assets/Sprites/RestartPressSprite.png
  artifactKey: Guid(a414f6cc2bd8e5745a003049a80c3fa5) Importer(815301076,1909f56bfc062723c751e8b465ee728b)
Start importing Assets/Sprites/RestartPressSprite.png using Guid(a414f6cc2bd8e5745a003049a80c3fa5) Importer(815301076,1909f56bfc062723c751e8b465ee728b)  -> (artifact id: '9c8b3c5167697ce4d6ce1e8882824a72') in 0.012098 seconds
  Import took 0.014308 seconds .

========================================================================
Received Import Request.
  Time since last request: 0.000234 seconds.
  path: Assets/Sprites/MagnetSprite.png
  artifactKey: Guid(fa3bccb15aacf430e8ac3499d2338d31) Importer(815301076,1909f56bfc062723c751e8b465ee728b)
Start importing Assets/Sprites/MagnetSprite.png using Guid(fa3bccb15aacf430e8ac3499d2338d31) Importer(815301076,1909f56bfc062723c751e8b465ee728b)  -> (artifact id: 'c3e42ad8d0b752bd3fa12ebf82595842') in 0.013646 seconds
  Import took 0.015567 seconds .

========================================================================
Received Import Request.
  Time since last request: 0.000218 seconds.
  path: Assets/Sprites/RetroSpaceship.png
  artifactKey: Guid(07fa4a9616a73f34785703310e3f094b) Importer(815301076,1909f56bfc062723c751e8b465ee728b)
Start importing Assets/Sprites/RetroSpaceship.png using Guid(07fa4a9616a73f34785703310e3f094b) Importer(815301076,1909f56bfc062723c751e8b465ee728b)  -> (artifact id: '8c303d73e150ff7d49995d2a5802eb84') in 0.038519 seconds
  Import took 0.040713 seconds .

========================================================================
Received Import Request.
  Time since last request: 0.000256 seconds.
  path: Assets/Sprites/BirdEnemyDeathSprite.png
  artifactKey: Guid(9a9871d79d525ab499dd167fd35c46ad) Importer(815301076,1909f56bfc062723c751e8b465ee728b)
Start importing Assets/Sprites/BirdEnemyDeathSprite.png using Guid(9a9871d79d525ab499dd167fd35c46ad) Importer(815301076,1909f56bfc062723c751e8b465ee728b)  -> (artifact id: '93e289d6532d5c1631672d7aaf82b744') in 0.013633 seconds
  Import took 0.015894 seconds .

========================================================================
Received Import Request.
  Time since last request: 0.000328 seconds.
  path: Assets/Sprites/BirdEnemyFlapSprite.png
  artifactKey: Guid(86ce912717672b8429c58e6960c12e25) Importer(815301076,1909f56bfc062723c751e8b465ee728b)
Start importing Assets/Sprites/BirdEnemyFlapSprite.png using Guid(86ce912717672b8429c58e6960c12e25) Importer(815301076,1909f56bfc062723c751e8b465ee728b)  -> (artifact id: '6dd9bae6eab7968d8f80484bb6a1fbdc') in 0.014987 seconds
  Import took 0.017212 seconds .

========================================================================
Received Import Request.
  Time since last request: 0.000204 seconds.
  path: Assets/Sprites/CatapultSprite.png
  artifactKey: Guid(555975464417842748951a085f3cf3ba) Importer(815301076,1909f56bfc062723c751e8b465ee728b)
Start importing Assets/Sprites/CatapultSprite.png using Guid(555975464417842748951a085f3cf3ba) Importer(815301076,1909f56bfc062723c751e8b465ee728b)  -> (artifact id: 'a53389a7275b7dbd3127342ae4fdceb3') in 0.017331 seconds
  Import took 0.019394 seconds .

========================================================================
Received Import Request.
  Time since last request: 0.000293 seconds.
  path: Assets/Sprites/BombLitSprite.png
  artifactKey: Guid(23f2dcab7a131324d922cfb2bd07db80) Importer(815301076,1909f56bfc062723c751e8b465ee728b)
Start importing Assets/Sprites/BombLitSprite.png using Guid(23f2dcab7a131324d922cfb2bd07db80) Importer(815301076,1909f56bfc062723c751e8b465ee728b)  -> (artifact id: '997afb1ff497dc631d0091da95f8cfc1') in 0.013982 seconds
  Import took 0.016290 seconds .

========================================================================
Received Import Request.
  Time since last request: 0.000255 seconds.
  path: Assets/Sprites/CoinSprite.png
  artifactKey: Guid(d235556d311cd497b993de7aa11961d4) Importer(815301076,1909f56bfc062723c751e8b465ee728b)
Start importing Assets/Sprites/CoinSprite.png using Guid(d235556d311cd497b993de7aa11961d4) Importer(815301076,1909f56bfc062723c751e8b465ee728b)  -> (artifact id: '98300d1cd36b45af29cb6b992aa65705') in 0.015831 seconds
  Import took 0.018202 seconds .

========================================================================
Received Import Request.
  Time since last request: 6.888874 seconds.
  path: Assets/Textures/background.png
  artifactKey: Guid(55f16cb4c8d9140f3b5e768685813070) Importer(815301076,1909f56bfc062723c751e8b465ee728b)
Start importing Assets/Textures/background.png using Guid(55f16cb4c8d9140f3b5e768685813070) Importer(815301076,1909f56bfc062723c751e8b465ee728b)  -> (artifact id: '167bc94ac8ba1fa9d6effd10815dd6a8') in 0.026518 seconds
  Import took 0.028721 seconds .

========================================================================
Received Import Request.
  Time since last request: 0.000194 seconds.
  path: Assets/Textures/red.png
  artifactKey: Guid(38e457c09335546c5a209b7d8399ad51) Importer(815301076,1909f56bfc062723c751e8b465ee728b)
Start importing Assets/Textures/red.png using Guid(38e457c09335546c5a209b7d8399ad51) Importer(815301076,1909f56bfc062723c751e8b465ee728b)  -> (artifact id: 'aa1e3871c8001b409ee8f8a53e340f84') in 0.013371 seconds
  Import took 0.015263 seconds .

========================================================================
Received Import Request.
  Time since last request: 0.000230 seconds.
  path: Assets/Textures/orange.png
  artifactKey: Guid(59215257abd8b45efbe2b803ec1716c3) Importer(815301076,1909f56bfc062723c751e8b465ee728b)
Start importing Assets/Textures/orange.png using Guid(59215257abd8b45efbe2b803ec1716c3) Importer(815301076,1909f56bfc062723c751e8b465ee728b)  -> (artifact id: '201c25be9a3bab3de9f6c9c95e95df23') in 0.012015 seconds
  Import took 0.014032 seconds .

========================================================================
Received Import Request.
  Time since last request: 0.000182 seconds.
  path: Assets/Textures/green.png
  artifactKey: Guid(7a255886b795840fcbd6890b92d90c91) Importer(815301076,1909f56bfc062723c751e8b465ee728b)
Start importing Assets/Textures/green.png using Guid(7a255886b795840fcbd6890b92d90c91) Importer(815301076,1909f56bfc062723c751e8b465ee728b)  -> (artifact id: '069deed56e986de9cf5c7220030c2213') in 0.011318 seconds
  Import took 0.013216 seconds .

========================================================================
Received Import Request.
  Time since last request: 0.000234 seconds.
  path: Assets/Textures/skull.png
  artifactKey: Guid(7908a0b2f240847dfb607dd16a8827f7) Importer(815301076,1909f56bfc062723c751e8b465ee728b)
Start importing Assets/Textures/skull.png using Guid(7908a0b2f240847dfb607dd16a8827f7) Importer(815301076,1909f56bfc062723c751e8b465ee728b)  -> (artifact id: '167774d649d4601578bd0d19ebb18c63') in 0.011409 seconds
  Import took 0.013664 seconds .

========================================================================
Received Import Request.
  Time since last request: 0.000226 seconds.
  path: Assets/Textures/New Material.mat
  artifactKey: Guid(d31b60a69c8314f2dbb6780b7da51fa0) Importer(815301076,1909f56bfc062723c751e8b465ee728b)
Start importing Assets/Textures/New Material.mat using Guid(d31b60a69c8314f2dbb6780b7da51fa0) Importer(815301076,1909f56bfc062723c751e8b465ee728b)  -> (artifact id: '272095a30da9f811cf8ed5d2d140f06c') in 0.074923 seconds
  Import took 0.076838 seconds .

========================================================================
Received Import Request.
  Time since last request: 0.000197 seconds.
  path: Assets/Textures/purple.png
  artifactKey: Guid(6250806d3bcf449bf93cb75776ef36a2) Importer(815301076,1909f56bfc062723c751e8b465ee728b)
Start importing Assets/Textures/purple.png using Guid(6250806d3bcf449bf93cb75776ef36a2) Importer(815301076,1909f56bfc062723c751e8b465ee728b)  -> (artifact id: '4c294b9fea30caa50021542d330f68bb') in 0.011426 seconds
  Import took 0.013256 seconds .

========================================================================
Received Import Request.
  Time since last request: 0.000217 seconds.
  path: Assets/Textures/star.png
  artifactKey: Guid(e9bf3d4c6203b4e44b98f5ae01d1e405) Importer(815301076,1909f56bfc062723c751e8b465ee728b)
Start importing Assets/Textures/star.png using Guid(e9bf3d4c6203b4e44b98f5ae01d1e405) Importer(815301076,1909f56bfc062723c751e8b465ee728b)  -> (artifact id: '6f53be61ad516d2c94dbddcfcce7fa70') in 0.010121 seconds
  Import took 0.011996 seconds .

========================================================================
Received Import Request.
  Time since last request: 0.000205 seconds.
  path: Assets/Textures/pink.png
  artifactKey: Guid(81b0ed0a1d2ff441da5613423050d8e4) Importer(815301076,1909f56bfc062723c751e8b465ee728b)
Start importing Assets/Textures/pink.png using Guid(81b0ed0a1d2ff441da5613423050d8e4) Importer(815301076,1909f56bfc062723c751e8b465ee728b)  -> (artifact id: '98a9938f728c057cc27007b1987af17f') in 0.010657 seconds
  Import took 0.012550 seconds .

========================================================================
Received Import Request.
  Time since last request: 0.000225 seconds.
  path: Assets/Textures/blue.png
  artifactKey: Guid(8a019ea5588184f7f8ec67553986747b) Importer(815301076,1909f56bfc062723c751e8b465ee728b)
Start importing Assets/Textures/blue.png using Guid(8a019ea5588184f7f8ec67553986747b) Importer(815301076,1909f56bfc062723c751e8b465ee728b)  -> (artifact id: '2664295e3017eadd28a141af628a3aa7') in 0.012495 seconds
  Import took 0.014303 seconds .

========================================================================
Received Import Request.
  Time since last request: 0.000215 seconds.
  path: Assets/Textures/spikeball.png
  artifactKey: Guid(ae06f4dcd62d14d50bd4093727bebecf) Importer(815301076,1909f56bfc062723c751e8b465ee728b)
Start importing Assets/Textures/spikeball.png using Guid(ae06f4dcd62d14d50bd4093727bebecf) Importer(815301076,1909f56bfc062723c751e8b465ee728b)  -> (artifact id: 'ce5d6ab1ad1ef18724bf63c667ccb7b0') in 0.012762 seconds
  Import took 0.014775 seconds .

========================================================================
Received Import Request.
  Time since last request: 0.000194 seconds.
  path: Assets/Textures/yellow.png
  artifactKey: Guid(fb51d4fb4add94bfa8c2b8652aada10c) Importer(815301076,1909f56bfc062723c751e8b465ee728b)
Start importing Assets/Textures/yellow.png using Guid(fb51d4fb4add94bfa8c2b8652aada10c) Importer(815301076,1909f56bfc062723c751e8b465ee728b)  -> (artifact id: 'c696dce7c1eeda7ed356d62a4e896187') in 0.011149 seconds
  Import took 0.013374 seconds .

========================================================================
Received Import Request.
  Time since last request: 13.147687 seconds.
  path: Assets/Sprites/surprise.png
  artifactKey: Guid(2c57df06048272f48aea4473f38bde26) Importer(815301076,1909f56bfc062723c751e8b465ee728b)
Start importing Assets/Sprites/surprise.png using Guid(2c57df06048272f48aea4473f38bde26) Importer(815301076,1909f56bfc062723c751e8b465ee728b)  -> (artifact id: '88481d1ddfbb512ac7eedf45ee001c62') in 0.015367 seconds
  Import took 0.017684 seconds .

========================================================================
Received Import Request.
  Time since last request: 0.002276 seconds.
  path: Assets/Sprites/surprise.png
  artifactKey: Guid(2c57df06048272f48aea4473f38bde26) Importer(815301076,1909f56bfc062723c751e8b465ee728b)
Start importing Assets/Sprites/surprise.png using Guid(2c57df06048272f48aea4473f38bde26) Importer(815301076,1909f56bfc062723c751e8b465ee728b)  -> (artifact id: '88481d1ddfbb512ac7eedf45ee001c62') in 0.010243 seconds
  Import took 0.012552 seconds .

========================================================================
Received Import Request.
  Time since last request: 63.322280 seconds.
  path: Assets/surprise.png
  artifactKey: Guid(19d16f3a9be25ad40bda72ac9b69bf37) Importer(815301076,1909f56bfc062723c751e8b465ee728b)
Start importing Assets/surprise.png using Guid(19d16f3a9be25ad40bda72ac9b69bf37) Importer(815301076,1909f56bfc062723c751e8b465ee728b)  -> (artifact id: '3d9853af3c122c714dbb44807d708650') in 0.014330 seconds
  Import took 0.017674 seconds .

========================================================================
Received Import Request.
  Time since last request: 0.003355 seconds.
  path: Assets/surprise.png
  artifactKey: Guid(19d16f3a9be25ad40bda72ac9b69bf37) Importer(815301076,1909f56bfc062723c751e8b465ee728b)
Start importing Assets/surprise.png using Guid(19d16f3a9be25ad40bda72ac9b69bf37) Importer(815301076,1909f56bfc062723c751e8b465ee728b)  -> (artifact id: '3d9853af3c122c714dbb44807d708650') in 0.010758 seconds
  Import took 0.012735 seconds .

========================================================================
Received Prepare
Registering precompiled user dll's ...
Registered in 0.000774 seconds.
Begin MonoManager ReloadAssembly
Native extension for WindowsStandalone target not found
Refreshing native plugins compatible for Editor in 0.32 ms, found 0 plugins.
Preloading 0 native plugins for Editor in 0.00 ms.
Invoked RoslynAnalysisRunner static constructor.
RoslynAnalysisRunner will not be running.
RoslynAnalysisRunner has terminated.
Mono: successfully reloaded assembly
- Completed reload, in  0.852 seconds
Platform modules already initialized, skipping
Refreshing native plugins compatible for Editor in 0.32 ms, found 0 plugins.
Preloading 0 native plugins for Editor in 0.00 ms.
Unloading 1133 Unused Serialized files (Serialized files now loaded: 0)
System memory in use before: 60.8 MB.
System memory in use after: 60.9 MB.

Unloading 15 unused Assets to reduce memory usage. Loaded Objects now: 1661.
Total: 1.648800 ms (FindLiveObjects: 0.167000 ms CreateObjectMapping: 0.031700 ms MarkObjects: 1.433700 ms  DeleteObjects: 0.014800 ms)

========================================================================
Received Prepare
Registering precompiled user dll's ...
Registered in 0.000878 seconds.
Begin MonoManager ReloadAssembly
Native extension for WindowsStandalone target not found
Refreshing native plugins compatible for Editor in 0.33 ms, found 0 plugins.
Preloading 0 native plugins for Editor in 0.00 ms.
Invoked RoslynAnalysisRunner static constructor.
RoslynAnalysisRunner will not be running.
RoslynAnalysisRunner has terminated.
Mono: successfully reloaded assembly
- Completed reload, in  0.852 seconds
Platform modules already initialized, skipping
Refreshing native plugins compatible for Editor in 0.38 ms, found 0 plugins.
Preloading 0 native plugins for Editor in 0.00 ms.
Unloading 1133 Unused Serialized files (Serialized files now loaded: 0)
System memory in use before: 60.8 MB.
System memory in use after: 60.9 MB.

Unloading 15 unused Assets to reduce memory usage. Loaded Objects now: 1663.
Total: 2.047600 ms (FindLiveObjects: 0.237500 ms CreateObjectMapping: 0.036800 ms MarkObjects: 1.747100 ms  DeleteObjects: 0.024300 ms)

========================================================================
Received Prepare
Registering precompiled user dll's ...
Registered in 0.000844 seconds.
Begin MonoManager ReloadAssembly
Native extension for WindowsStandalone target not found
Refreshing native plugins compatible for Editor in 0.32 ms, found 0 plugins.
Preloading 0 native plugins for Editor in 0.00 ms.
Invoked RoslynAnalysisRunner static constructor.
RoslynAnalysisRunner will not be running.
RoslynAnalysisRunner has terminated.
Mono: successfully reloaded assembly
- Completed reload, in  0.833 seconds
Platform modules already initialized, skipping
Refreshing native plugins compatible for Editor in 0.41 ms, found 0 plugins.
Preloading 0 native plugins for Editor in 0.00 ms.
Unloading 1133 Unused Serialized files (Serialized files now loaded: 0)
System memory in use before: 60.8 MB.
System memory in use after: 60.9 MB.

Unloading 15 unused Assets to reduce memory usage. Loaded Objects now: 1665.
Total: 2.017400 ms (FindLiveObjects: 0.186800 ms CreateObjectMapping: 0.042300 ms MarkObjects: 1.769900 ms  DeleteObjects: 0.017100 ms)

AssetImportWorkerClient::OnTransportError - code=2 error=End of file
